<?xml version="1.0" encoding="UTF-8"?>
<!-- Generated by org.testng.reporters.JUnitXMLReporter -->
<testsuite hostname="Cornel" ignored="0" name="MyTest" tests="4" failures="4" timestamp="17 Apr 2018 20:46:48 GMT" time="63.451" errors="0">
  <testcase name="LoginThenLogout" time="29.694" classname="smoketests.LoginThenLogout">
    <failure type="java.lang.AssertionError" message="Verificare daca a reusit hover expected [true] but found [false]">
      <![CDATA[java.lang.AssertionError: Verificare daca a reusit hover expected [true] but found [false]
at smoketests.LoginThenLogout.LoginThenLogout(LoginThenLogout.java:41)
at java.util.concurrent.FutureTask.run(FutureTask.java:266)
at java.util.concurrent.ThreadPoolExecutor.runWorker(ThreadPoolExecutor.java:1142)
at java.util.concurrent.ThreadPoolExecutor$Worker.run(ThreadPoolExecutor.java:617)
at java.lang.Thread.run(Thread.java:748)
... Removed 14 stack frames]]>
    </failure>
  </testcase> <!-- LoginThenLogout -->
  <testcase name="LoginThenLogout" time="33.638" classname="smoketests.LoginThenLogout">
    <failure type="java.lang.AssertionError" message="Verificare daca a reusit hover expected [true] but found [false]">
      <![CDATA[java.lang.AssertionError: Verificare daca a reusit hover expected [true] but found [false]
at smoketests.LoginThenLogout.LoginThenLogout(LoginThenLogout.java:41)
at java.util.concurrent.FutureTask.run(FutureTask.java:266)
at java.util.concurrent.ThreadPoolExecutor.runWorker(ThreadPoolExecutor.java:1142)
at java.util.concurrent.ThreadPoolExecutor$Worker.run(ThreadPoolExecutor.java:617)
at java.lang.Thread.run(Thread.java:748)
... Removed 14 stack frames]]>
    </failure>
  </testcase> <!-- LoginThenLogout -->
  <testcase name="LoginThenLogout" time="34.187" classname="smoketests.LoginThenLogout">
    <failure type="java.lang.AssertionError" message="Verificare daca a reusit hover expected [true] but found [false]">
      <![CDATA[java.lang.AssertionError: Verificare daca a reusit hover expected [true] but found [false]
at smoketests.LoginThenLogout.LoginThenLogout(LoginThenLogout.java:41)
at java.util.concurrent.FutureTask.run(FutureTask.java:266)
at java.util.concurrent.ThreadPoolExecutor.runWorker(ThreadPoolExecutor.java:1142)
at java.util.concurrent.ThreadPoolExecutor$Worker.run(ThreadPoolExecutor.java:617)
at java.lang.Thread.run(Thread.java:748)
... Removed 14 stack frames]]>
    </failure>
  </testcase> <!-- LoginThenLogout -->
  <testcase name="LoginThenLogout" time="39.271" classname="smoketests.LoginThenLogout">
    <failure type="java.lang.AssertionError" message="Verificare daca a reusit hover expected [true] but found [false]">
      <![CDATA[java.lang.AssertionError: Verificare daca a reusit hover expected [true] but found [false]
at smoketests.LoginThenLogout.LoginThenLogout(LoginThenLogout.java:41)
at java.util.concurrent.FutureTask.run(FutureTask.java:266)
at java.util.concurrent.ThreadPoolExecutor.runWorker(ThreadPoolExecutor.java:1142)
at java.util.concurrent.ThreadPoolExecutor$Worker.run(ThreadPoolExecutor.java:617)
at java.lang.Thread.run(Thread.java:748)
... Removed 14 stack frames]]>
    </failure>
  </testcase> <!-- LoginThenLogout -->
</testsuite> <!-- MyTest -->
